<?xml version="1.0" encoding="UTF-8"?>
<!-- Generated by org.testng.reporters.JUnitReportReporter -->
<testsuite hostname="LAPTOP-EMUOK773" failures="0" tests="1" name="com.DemowebShop.testScripts.addToCartModule.AddToCartTest" time="0.016" errors="0" timestamp="2025-05-24T14:05:54 IST" skipped="0">
  <testcase classname="com.DemowebShop.testScripts.addToCartModule.AddToCartTest" name="addtocart" time="0.016"/>
  <system-out>
    <![CDATA[== Server Connected == 
== Database Connected succcessfully == 
== Browser launched successfully == 
== Browser closed successfully == 
== Database closed succcessfully == 
== Server closed succcessfully ==]]>
  </system-out>
</testsuite> <!-- com.DemowebShop.testScripts.addToCartModule.AddToCartTest -->
